[debug] [2021-08-25T17:13:47.084Z] ----------------------------------------------------------------------
[debug] [2021-08-25T17:13:47.088Z] Command:       C:\Program Files\nodejs\node.exe C:\Users\AC\AppData\Roaming\npm\node_modules\firebase-tools\lib\bin\firebase.js emulators:start --only functions
[debug] [2021-08-25T17:13:47.089Z] CLI Version:   9.16.5
[debug] [2021-08-25T17:13:47.089Z] Platform:      win32
[debug] [2021-08-25T17:13:47.089Z] Node Version:  v14.17.1
[debug] [2021-08-25T17:13:47.091Z] Time:          Wed Aug 25 2021 19:13:47 GMT+0200 (hora de verano de Europa central)
[debug] [2021-08-25T17:13:47.092Z] ----------------------------------------------------------------------
[debug] 
[debug] [2021-08-25T17:13:47.170Z] > command requires scopes: ["email","openid","https://www.googleapis.com/auth/cloudplatformprojects.readonly","https://www.googleapis.com/auth/firebase","https://www.googleapis.com/auth/cloud-platform"]
[debug] [2021-08-25T17:13:47.171Z] > authorizing via signed-in user (alwong46@gmail.com)
[info] i  emulators: Starting emulators: functions {"metadata":{"emulator":{"name":"hub"},"message":"Starting emulators: functions"}}
[debug] [2021-08-25T17:13:47.202Z] [hub] writing locator at C:\Users\AC\AppData\Local\Temp\hub-mealstogo-47138.json
[warn] !  functions: The following emulators are not running, calls to these services from the Functions emulator will affect production: auth, firestore, database, hosting, pubsub, storage {"metadata":{"emulator":{"name":"functions"},"message":"The following emulators are not running, calls to these services from the Functions emulator will affect production: \u001b[1mauth, firestore, database, hosting, pubsub, storage\u001b[22m"}}
[info] +  functions: Using node@14 from host. {"metadata":{"emulator":{"name":"functions"},"message":"Using node@14 from host."}}
[debug] [2021-08-25T17:13:47.235Z] defaultcredentials: writing to file C:\Users\AC\AppData\Roaming\firebase\alwong46_gmail_com_application_default_credentials.json
[debug] [2021-08-25T17:13:47.237Z] Setting GAC to C:\Users\AC\AppData\Roaming\firebase\alwong46_gmail_com_application_default_credentials.json {"metadata":{"emulator":{"name":"functions"},"message":"Setting GAC to C:\\Users\\AC\\AppData\\Roaming\\firebase\\alwong46_gmail_com_application_default_credentials.json"}}
[debug] [2021-08-25T17:13:47.242Z] > refreshing access token with scopes: []
[debug] [2021-08-25T17:13:47.243Z] >>> HTTP REQUEST POST https://www.googleapis.com/oauth2/v3/token  
 <request body omitted>
[debug] [2021-08-25T17:13:47.523Z] <<< HTTP RESPONSE 200 {"cache-control":"no-cache, no-store, max-age=0, must-revalidate","date":"Wed, 25 Aug 2021 17:13:47 GMT","pragma":"no-cache","expires":"Mon, 01 Jan 1990 00:00:00 GMT","content-type":"application/json; charset=utf-8","vary":"X-Origin, Referer, Origin,Accept-Encoding","server":"scaffolding on HTTPServer2","x-xss-protection":"0","x-frame-options":"SAMEORIGIN","x-content-type-options":"nosniff","alt-svc":"h3=\":443\"; ma=2592000,h3-29=\":443\"; ma=2592000,h3-T051=\":443\"; ma=2592000,h3-Q050=\":443\"; ma=2592000,h3-Q046=\":443\"; ma=2592000,h3-Q043=\":443\"; ma=2592000,quic=\":443\"; ma=2592000; v=\"46,43\"","accept-ranges":"none","transfer-encoding":"chunked"}
[debug] [2021-08-25T17:13:47.549Z] >>> [apiv2][query] GET https://firebase.googleapis.com/v1beta1/projects/mealstogo-47138/adminSdkConfig [none]
[debug] [2021-08-25T17:13:48.416Z] <<< [apiv2][status] GET https://firebase.googleapis.com/v1beta1/projects/mealstogo-47138/adminSdkConfig 200
[debug] [2021-08-25T17:13:48.416Z] <<< [apiv2][body] GET https://firebase.googleapis.com/v1beta1/projects/mealstogo-47138/adminSdkConfig {"projectId":"mealstogo-47138","storageBucket":"mealstogo-47138.appspot.com","locationId":"europe-west"}
[debug] [2021-08-25T17:13:48.440Z] Ignoring unsupported arg: auto_download {"metadata":{"emulator":{"name":"ui"},"message":"Ignoring unsupported arg: auto_download"}}
[debug] [2021-08-25T17:13:48.440Z] Ignoring unsupported arg: port {"metadata":{"emulator":{"name":"ui"},"message":"Ignoring unsupported arg: port"}}
[debug] [2021-08-25T17:13:48.441Z] Starting Emulator UI with command {"binary":"node","args":["C:\\Users\\AC\\.cache\\firebase\\emulators\\ui-v1.6.2\\server.bundle.js"],"optionalArgs":[],"joinArgs":false} {"metadata":{"emulator":{"name":"ui"},"message":"Starting Emulator UI with command {\"binary\":\"node\",\"args\":[\"C:\\\\Users\\\\AC\\\\.cache\\\\firebase\\\\emulators\\\\ui-v1.6.2\\\\server.bundle.js\"],\"optionalArgs\":[],\"joinArgs\":false}"}}
[info] i  ui: Emulator UI logging to ui-debug.log {"metadata":{"emulator":{"name":"ui"},"message":"Emulator UI logging to \u001b[1mui-debug.log\u001b[22m"}}
[debug] [2021-08-25T17:13:48.681Z] Web / API server started at localhost:4000
 {"metadata":{"emulator":{"name":"ui"},"message":"Web / API server started at localhost:4000\n"}}
[info] i  functions: Watching "C:\Users\AC\Desktop\ReactProjects\react-native\RestaurantApp\functions" for Cloud Functions... {"metadata":{"emulator":{"name":"functions"},"message":"Watching \"C:\\Users\\AC\\Desktop\\ReactProjects\\react-native\\RestaurantApp\\functions\" for Cloud Functions..."}}
[debug] [2021-08-25T17:13:48.765Z] [worker-pool] addWorker(~diagnostic~) {"metadata":{"emulator":{"name":"functions"},"message":"[worker-pool] addWorker(~diagnostic~)"}}
[debug] [2021-08-25T17:13:48.766Z] [worker-pool] Adding worker with key ~diagnostic~, total=1 {"metadata":{"emulator":{"name":"functions"},"message":"[worker-pool] Adding worker with key ~diagnostic~, total=1"}}
[debug] [2021-08-25T17:13:48.766Z] [worker-pool] submitWork(triggerId=) {"metadata":{"emulator":{"name":"functions"},"message":"[worker-pool] submitWork(triggerId=)"}}
[debug] [2021-08-25T17:13:48.767Z] [worker-~diagnostic~-79ea593a-e060-491c-8d98-264f2c966eba]: Assigning socketPath: \\?\pipe\C:\Users\AC\Desktop\ReactProjects\react-native\RestaurantApp\functions\17844 {"metadata":{"emulator":{"name":"functions"},"message":"[worker-~diagnostic~-79ea593a-e060-491c-8d98-264f2c966eba]: Assigning socketPath: \\\\?\\pipe\\C:\\Users\\AC\\Desktop\\ReactProjects\\react-native\\RestaurantApp\\functions\\17844"}}
[debug] [2021-08-25T17:13:48.767Z] [worker-~diagnostic~-79ea593a-e060-491c-8d98-264f2c966eba]: BUSY {"metadata":{"emulator":{"name":"functions"},"message":"[worker-~diagnostic~-79ea593a-e060-491c-8d98-264f2c966eba]: BUSY"}}
[debug] [2021-08-25T17:13:49.512Z] [runtime-status] [17844] Functions runtime initialized. {"cwd":"C:\\Users\\AC\\Desktop\\ReactProjects\\react-native\\RestaurantApp\\functions","node_version":"14.17.1"} {"metadata":{"emulator":{"name":"functions"},"message":"[runtime-status] [17844] Functions runtime initialized. {\"cwd\":\"C:\\\\Users\\\\AC\\\\Desktop\\\\ReactProjects\\\\react-native\\\\RestaurantApp\\\\functions\",\"node_version\":\"14.17.1\"}"}}
[debug] [2021-08-25T17:13:49.516Z] [runtime-status] [17844] Disabled runtime features: undefined {"metadata":{"emulator":{"name":"functions"},"message":"[runtime-status] [17844] Disabled runtime features: undefined"}}
[debug] [2021-08-25T17:13:49.523Z] [runtime-status] [17844] Resolved module firebase-admin {"declared":true,"installed":true,"version":"9.11.1","resolution":"C:\\Users\\AC\\Desktop\\ReactProjects\\react-native\\RestaurantApp\\functions\\node_modules\\firebase-admin\\lib\\index.js"} {"metadata":{"emulator":{"name":"functions"},"message":"[runtime-status] [17844] Resolved module firebase-admin {\"declared\":true,\"installed\":true,\"version\":\"9.11.1\",\"resolution\":\"C:\\\\Users\\\\AC\\\\Desktop\\\\ReactProjects\\\\react-native\\\\RestaurantApp\\\\functions\\\\node_modules\\\\firebase-admin\\\\lib\\\\index.js\"}"}}
[debug] [2021-08-25T17:13:49.530Z] [runtime-status] [17844] Resolved module firebase-functions {"declared":true,"installed":true,"version":"3.15.4","resolution":"C:\\Users\\AC\\Desktop\\ReactProjects\\react-native\\RestaurantApp\\functions\\node_modules\\firebase-functions\\lib\\index.js"} {"metadata":{"emulator":{"name":"functions"},"message":"[runtime-status] [17844] Resolved module firebase-functions {\"declared\":true,\"installed\":true,\"version\":\"3.15.4\",\"resolution\":\"C:\\\\Users\\\\AC\\\\Desktop\\\\ReactProjects\\\\react-native\\\\RestaurantApp\\\\functions\\\\node_modules\\\\firebase-functions\\\\lib\\\\index.js\"}"}}
[debug] [2021-08-25T17:13:49.533Z] [runtime-status] [17844] Found local functions config: C:\Users\AC\Desktop\ReactProjects\react-native\RestaurantApp\functions/.runtimeconfig.json {"metadata":{"emulator":{"name":"functions"},"message":"[runtime-status] [17844] Found local functions config: C:\\Users\\AC\\Desktop\\ReactProjects\\react-native\\RestaurantApp\\functions/.runtimeconfig.json"}}
[debug] [2021-08-25T17:13:49.534Z] [runtime-status] [17844] Resolved module firebase-functions {"declared":true,"installed":true,"version":"3.15.4","resolution":"C:\\Users\\AC\\Desktop\\ReactProjects\\react-native\\RestaurantApp\\functions\\node_modules\\firebase-functions\\lib\\index.js"} {"metadata":{"emulator":{"name":"functions"},"message":"[runtime-status] [17844] Resolved module firebase-functions {\"declared\":true,\"installed\":true,\"version\":\"3.15.4\",\"resolution\":\"C:\\\\Users\\\\AC\\\\Desktop\\\\ReactProjects\\\\react-native\\\\RestaurantApp\\\\functions\\\\node_modules\\\\firebase-functions\\\\lib\\\\index.js\"}"}}
[debug] [2021-08-25T17:13:49.536Z] [runtime-status] [17844] Outgoing network have been stubbed. [{"name":"http","status":"mocked"},{"name":"http","status":"mocked"},{"name":"https","status":"mocked"},{"name":"https","status":"mocked"},{"name":"net","status":"mocked"}] {"metadata":{"emulator":{"name":"functions"},"message":"[runtime-status] [17844] Outgoing network have been stubbed. [{\"name\":\"http\",\"status\":\"mocked\"},{\"name\":\"http\",\"status\":\"mocked\"},{\"name\":\"https\",\"status\":\"mocked\"},{\"name\":\"https\",\"status\":\"mocked\"},{\"name\":\"net\",\"status\":\"mocked\"}]"}}
[debug] [2021-08-25T17:13:49.538Z] [runtime-status] [17844] Resolved module firebase-functions {"declared":true,"installed":true,"version":"3.15.4","resolution":"C:\\Users\\AC\\Desktop\\ReactProjects\\react-native\\RestaurantApp\\functions\\node_modules\\firebase-functions\\lib\\index.js"} {"metadata":{"emulator":{"name":"functions"},"message":"[runtime-status] [17844] Resolved module firebase-functions {\"declared\":true,\"installed\":true,\"version\":\"3.15.4\",\"resolution\":\"C:\\\\Users\\\\AC\\\\Desktop\\\\ReactProjects\\\\react-native\\\\RestaurantApp\\\\functions\\\\node_modules\\\\firebase-functions\\\\lib\\\\index.js\"}"}}
[debug] [2021-08-25T17:13:49.614Z] [runtime-status] [17844] Checked functions.config() {"config":{"stripe":{"key":"sk_test_51JJ2LsFKj0H50yPF0NsrevPKHM8GeLfKIe4SULSSwvWYbCApc6WOWL6MV3r6xRZlBixx3QWe9gBvqze7ojYyz8RP00XXGYcN84"}}} {"metadata":{"emulator":{"name":"functions"},"message":"[runtime-status] [17844] Checked functions.config() {\"config\":{\"stripe\":{\"key\":\"sk_test_51JJ2LsFKj0H50yPF0NsrevPKHM8GeLfKIe4SULSSwvWYbCApc6WOWL6MV3r6xRZlBixx3QWe9gBvqze7ojYyz8RP00XXGYcN84\"}}}"}}
[debug] [2021-08-25T17:13:49.614Z] [runtime-status] [17844] firebase-functions has been stubbed. {"functionsResolution":{"declared":true,"installed":true,"version":"3.15.4","resolution":"C:\\Users\\AC\\Desktop\\ReactProjects\\react-native\\RestaurantApp\\functions\\node_modules\\firebase-functions\\lib\\index.js"}} {"metadata":{"emulator":{"name":"functions"},"message":"[runtime-status] [17844] firebase-functions has been stubbed. {\"functionsResolution\":{\"declared\":true,\"installed\":true,\"version\":\"3.15.4\",\"resolution\":\"C:\\\\Users\\\\AC\\\\Desktop\\\\ReactProjects\\\\react-native\\\\RestaurantApp\\\\functions\\\\node_modules\\\\firebase-functions\\\\lib\\\\index.js\"}}"}}
[debug] [2021-08-25T17:13:49.615Z] [runtime-status] [17844] Resolved module firebase-functions {"declared":true,"installed":true,"version":"3.15.4","resolution":"C:\\Users\\AC\\Desktop\\ReactProjects\\react-native\\RestaurantApp\\functions\\node_modules\\firebase-functions\\lib\\index.js"} {"metadata":{"emulator":{"name":"functions"},"message":"[runtime-status] [17844] Resolved module firebase-functions {\"declared\":true,\"installed\":true,\"version\":\"3.15.4\",\"resolution\":\"C:\\\\Users\\\\AC\\\\Desktop\\\\ReactProjects\\\\react-native\\\\RestaurantApp\\\\functions\\\\node_modules\\\\firebase-functions\\\\lib\\\\index.js\"}"}}
[debug] [2021-08-25T17:13:49.617Z] [runtime-status] [17844] Resolved module firebase-admin {"declared":true,"installed":true,"version":"9.11.1","resolution":"C:\\Users\\AC\\Desktop\\ReactProjects\\react-native\\RestaurantApp\\functions\\node_modules\\firebase-admin\\lib\\index.js"} {"metadata":{"emulator":{"name":"functions"},"message":"[runtime-status] [17844] Resolved module firebase-admin {\"declared\":true,\"installed\":true,\"version\":\"9.11.1\",\"resolution\":\"C:\\\\Users\\\\AC\\\\Desktop\\\\ReactProjects\\\\react-native\\\\RestaurantApp\\\\functions\\\\node_modules\\\\firebase-admin\\\\lib\\\\index.js\"}"}}
[debug] [2021-08-25T17:13:49.618Z] [runtime-status] [17844] Resolved module firebase-functions {"declared":true,"installed":true,"version":"3.15.4","resolution":"C:\\Users\\AC\\Desktop\\ReactProjects\\react-native\\RestaurantApp\\functions\\node_modules\\firebase-functions\\lib\\index.js"} {"metadata":{"emulator":{"name":"functions"},"message":"[runtime-status] [17844] Resolved module firebase-functions {\"declared\":true,\"installed\":true,\"version\":\"3.15.4\",\"resolution\":\"C:\\\\Users\\\\AC\\\\Desktop\\\\ReactProjects\\\\react-native\\\\RestaurantApp\\\\functions\\\\node_modules\\\\firebase-functions\\\\lib\\\\index.js\"}"}}
[debug] [2021-08-25T17:13:49.619Z] [runtime-status] [17844] firebase-admin has been stubbed. {"adminResolution":{"declared":true,"installed":true,"version":"9.11.1","resolution":"C:\\Users\\AC\\Desktop\\ReactProjects\\react-native\\RestaurantApp\\functions\\node_modules\\firebase-admin\\lib\\index.js"}} {"metadata":{"emulator":{"name":"functions"},"message":"[runtime-status] [17844] firebase-admin has been stubbed. {\"adminResolution\":{\"declared\":true,\"installed\":true,\"version\":\"9.11.1\",\"resolution\":\"C:\\\\Users\\\\AC\\\\Desktop\\\\ReactProjects\\\\react-native\\\\RestaurantApp\\\\functions\\\\node_modules\\\\firebase-admin\\\\lib\\\\index.js\"}}"}}
[info] +  functions[us-central1-geocode]: http function initialized (http://localhost:5001/mealstogo-47138/us-central1/geocode). {"metadata":{"emulator":{"name":"functions"},"message":"\u001b[1mhttp\u001b[22m function initialized (http://localhost:5001/mealstogo-47138/us-central1/geocode)."}}
[info] +  functions[us-central1-placesNearby]: http function initialized (http://localhost:5001/mealstogo-47138/us-central1/placesNearby). {"metadata":{"emulator":{"name":"functions"},"message":"\u001b[1mhttp\u001b[22m function initialized (http://localhost:5001/mealstogo-47138/us-central1/placesNearby)."}}
[info] +  functions[us-central1-pay]: http function initialized (http://localhost:5001/mealstogo-47138/us-central1/pay). {"metadata":{"emulator":{"name":"functions"},"message":"\u001b[1mhttp\u001b[22m function initialized (http://localhost:5001/mealstogo-47138/us-central1/pay)."}}
[info] 
┌─────────────────────────────────────────────────────────────┐
│ ✔  All emulators ready! It is now safe to connect your app. │
│ i  View Emulator UI at http://localhost:4000                │
└─────────────────────────────────────────────────────────────┘

┌───────────┬────────────────┬─────────────────────────────────┐
│ Emulator  │ Host:Port      │ View in Emulator UI             │
├───────────┼────────────────┼─────────────────────────────────┤
│ Functions │ localhost:5001 │ http://localhost:4000/functions │
└───────────┴────────────────┴─────────────────────────────────┘
  Emulator Hub running at localhost:4400
  Other reserved ports: 4500

Issues? Report them at https://github.com/firebase/firebase-tools/issues and attach the *-debug.log files.
 
[debug] [2021-08-25T17:13:49.747Z] [worker-~diagnostic~-79ea593a-e060-491c-8d98-264f2c966eba]: IDLE {"metadata":{"emulator":{"name":"functions"},"message":"[worker-~diagnostic~-79ea593a-e060-491c-8d98-264f2c966eba]: IDLE"}}
[debug] [2021-08-25T17:17:53.740Z] File C:\Users\AC\Desktop\ReactProjects\react-native\RestaurantApp\functions\pay\index.js changed, reloading triggers {"metadata":{"emulator":{"name":"functions"},"message":"File C:\\Users\\AC\\Desktop\\ReactProjects\\react-native\\RestaurantApp\\functions\\pay\\index.js changed, reloading triggers"}}
[debug] [2021-08-25T17:17:54.746Z] [worker-pool] Shutting down IDLE worker (~diagnostic~) {"metadata":{"emulator":{"name":"functions"},"message":"[worker-pool] Shutting down IDLE worker (~diagnostic~)"}}
[debug] [2021-08-25T17:17:54.746Z] [worker-~diagnostic~-79ea593a-e060-491c-8d98-264f2c966eba]: FINISHING {"metadata":{"emulator":{"name":"functions"},"message":"[worker-~diagnostic~-79ea593a-e060-491c-8d98-264f2c966eba]: FINISHING"}}
[debug] [2021-08-25T17:17:54.768Z] [worker-pool] addWorker(~diagnostic~) {"metadata":{"emulator":{"name":"functions"},"message":"[worker-pool] addWorker(~diagnostic~)"}}
[debug] [2021-08-25T17:17:54.768Z] [worker-pool] Adding worker with key ~diagnostic~, total=2 {"metadata":{"emulator":{"name":"functions"},"message":"[worker-pool] Adding worker with key ~diagnostic~, total=2"}}
[debug] [2021-08-25T17:17:54.768Z] [worker-pool] submitWork(triggerId=) {"metadata":{"emulator":{"name":"functions"},"message":"[worker-pool] submitWork(triggerId=)"}}
[debug] [2021-08-25T17:17:54.769Z] [worker-~diagnostic~-89e782c4-7ac4-45ed-9263-04de6b1f0313]: Assigning socketPath: \\?\pipe\C:\Users\AC\Desktop\ReactProjects\react-native\RestaurantApp\functions\15200 {"metadata":{"emulator":{"name":"functions"},"message":"[worker-~diagnostic~-89e782c4-7ac4-45ed-9263-04de6b1f0313]: Assigning socketPath: \\\\?\\pipe\\C:\\Users\\AC\\Desktop\\ReactProjects\\react-native\\RestaurantApp\\functions\\15200"}}
[debug] [2021-08-25T17:17:54.769Z] [worker-~diagnostic~-89e782c4-7ac4-45ed-9263-04de6b1f0313]: BUSY {"metadata":{"emulator":{"name":"functions"},"message":"[worker-~diagnostic~-89e782c4-7ac4-45ed-9263-04de6b1f0313]: BUSY"}}
[debug] [2021-08-25T17:17:54.779Z] [worker-~diagnostic~-79ea593a-e060-491c-8d98-264f2c966eba]: exited {"metadata":{"emulator":{"name":"functions"},"message":"[worker-~diagnostic~-79ea593a-e060-491c-8d98-264f2c966eba]: exited"}}
[debug] [2021-08-25T17:17:54.779Z] [worker-~diagnostic~-79ea593a-e060-491c-8d98-264f2c966eba]: FINISHED {"metadata":{"emulator":{"name":"functions"},"message":"[worker-~diagnostic~-79ea593a-e060-491c-8d98-264f2c966eba]: FINISHED"}}
[debug] [2021-08-25T17:17:56.150Z] [runtime-status] [15200] Functions runtime initialized. {"cwd":"C:\\Users\\AC\\Desktop\\ReactProjects\\react-native\\RestaurantApp\\functions","node_version":"14.17.1"} {"metadata":{"emulator":{"name":"functions"},"message":"[runtime-status] [15200] Functions runtime initialized. {\"cwd\":\"C:\\\\Users\\\\AC\\\\Desktop\\\\ReactProjects\\\\react-native\\\\RestaurantApp\\\\functions\",\"node_version\":\"14.17.1\"}"}}
[debug] [2021-08-25T17:17:56.155Z] [runtime-status] [15200] Disabled runtime features: undefined {"metadata":{"emulator":{"name":"functions"},"message":"[runtime-status] [15200] Disabled runtime features: undefined"}}
[debug] [2021-08-25T17:17:56.165Z] [runtime-status] [15200] Resolved module firebase-admin {"declared":true,"installed":true,"version":"9.11.1","resolution":"C:\\Users\\AC\\Desktop\\ReactProjects\\react-native\\RestaurantApp\\functions\\node_modules\\firebase-admin\\lib\\index.js"} {"metadata":{"emulator":{"name":"functions"},"message":"[runtime-status] [15200] Resolved module firebase-admin {\"declared\":true,\"installed\":true,\"version\":\"9.11.1\",\"resolution\":\"C:\\\\Users\\\\AC\\\\Desktop\\\\ReactProjects\\\\react-native\\\\RestaurantApp\\\\functions\\\\node_modules\\\\firebase-admin\\\\lib\\\\index.js\"}"}}
[debug] [2021-08-25T17:17:56.171Z] [runtime-status] [15200] Resolved module firebase-functions {"declared":true,"installed":true,"version":"3.15.4","resolution":"C:\\Users\\AC\\Desktop\\ReactProjects\\react-native\\RestaurantApp\\functions\\node_modules\\firebase-functions\\lib\\index.js"} {"metadata":{"emulator":{"name":"functions"},"message":"[runtime-status] [15200] Resolved module firebase-functions {\"declared\":true,\"installed\":true,\"version\":\"3.15.4\",\"resolution\":\"C:\\\\Users\\\\AC\\\\Desktop\\\\ReactProjects\\\\react-native\\\\RestaurantApp\\\\functions\\\\node_modules\\\\firebase-functions\\\\lib\\\\index.js\"}"}}
[debug] [2021-08-25T17:17:56.174Z] [runtime-status] [15200] Found local functions config: C:\Users\AC\Desktop\ReactProjects\react-native\RestaurantApp\functions/.runtimeconfig.json {"metadata":{"emulator":{"name":"functions"},"message":"[runtime-status] [15200] Found local functions config: C:\\Users\\AC\\Desktop\\ReactProjects\\react-native\\RestaurantApp\\functions/.runtimeconfig.json"}}
[debug] [2021-08-25T17:17:56.176Z] [runtime-status] [15200] Resolved module firebase-functions {"declared":true,"installed":true,"version":"3.15.4","resolution":"C:\\Users\\AC\\Desktop\\ReactProjects\\react-native\\RestaurantApp\\functions\\node_modules\\firebase-functions\\lib\\index.js"} {"metadata":{"emulator":{"name":"functions"},"message":"[runtime-status] [15200] Resolved module firebase-functions {\"declared\":true,\"installed\":true,\"version\":\"3.15.4\",\"resolution\":\"C:\\\\Users\\\\AC\\\\Desktop\\\\ReactProjects\\\\react-native\\\\RestaurantApp\\\\functions\\\\node_modules\\\\firebase-functions\\\\lib\\\\index.js\"}"}}
[debug] [2021-08-25T17:17:56.179Z] [runtime-status] [15200] Outgoing network have been stubbed. [{"name":"http","status":"mocked"},{"name":"http","status":"mocked"},{"name":"https","status":"mocked"},{"name":"https","status":"mocked"},{"name":"net","status":"mocked"}] {"metadata":{"emulator":{"name":"functions"},"message":"[runtime-status] [15200] Outgoing network have been stubbed. [{\"name\":\"http\",\"status\":\"mocked\"},{\"name\":\"http\",\"status\":\"mocked\"},{\"name\":\"https\",\"status\":\"mocked\"},{\"name\":\"https\",\"status\":\"mocked\"},{\"name\":\"net\",\"status\":\"mocked\"}]"}}
[debug] [2021-08-25T17:17:56.180Z] [runtime-status] [15200] Resolved module firebase-functions {"declared":true,"installed":true,"version":"3.15.4","resolution":"C:\\Users\\AC\\Desktop\\ReactProjects\\react-native\\RestaurantApp\\functions\\node_modules\\firebase-functions\\lib\\index.js"} {"metadata":{"emulator":{"name":"functions"},"message":"[runtime-status] [15200] Resolved module firebase-functions {\"declared\":true,\"installed\":true,\"version\":\"3.15.4\",\"resolution\":\"C:\\\\Users\\\\AC\\\\Desktop\\\\ReactProjects\\\\react-native\\\\RestaurantApp\\\\functions\\\\node_modules\\\\firebase-functions\\\\lib\\\\index.js\"}"}}
[debug] [2021-08-25T17:17:56.294Z] [runtime-status] [15200] Checked functions.config() {"config":{"stripe":{"key":"sk_test_51JJ2LsFKj0H50yPF0NsrevPKHM8GeLfKIe4SULSSwvWYbCApc6WOWL6MV3r6xRZlBixx3QWe9gBvqze7ojYyz8RP00XXGYcN84"}}} {"metadata":{"emulator":{"name":"functions"},"message":"[runtime-status] [15200] Checked functions.config() {\"config\":{\"stripe\":{\"key\":\"sk_test_51JJ2LsFKj0H50yPF0NsrevPKHM8GeLfKIe4SULSSwvWYbCApc6WOWL6MV3r6xRZlBixx3QWe9gBvqze7ojYyz8RP00XXGYcN84\"}}}"}}
[debug] [2021-08-25T17:17:56.294Z] [runtime-status] [15200] firebase-functions has been stubbed. {"functionsResolution":{"declared":true,"installed":true,"version":"3.15.4","resolution":"C:\\Users\\AC\\Desktop\\ReactProjects\\react-native\\RestaurantApp\\functions\\node_modules\\firebase-functions\\lib\\index.js"}} {"metadata":{"emulator":{"name":"functions"},"message":"[runtime-status] [15200] firebase-functions has been stubbed. {\"functionsResolution\":{\"declared\":true,\"installed\":true,\"version\":\"3.15.4\",\"resolution\":\"C:\\\\Users\\\\AC\\\\Desktop\\\\ReactProjects\\\\react-native\\\\RestaurantApp\\\\functions\\\\node_modules\\\\firebase-functions\\\\lib\\\\index.js\"}}"}}
[debug] [2021-08-25T17:17:56.296Z] [runtime-status] [15200] Resolved module firebase-functions {"declared":true,"installed":true,"version":"3.15.4","resolution":"C:\\Users\\AC\\Desktop\\ReactProjects\\react-native\\RestaurantApp\\functions\\node_modules\\firebase-functions\\lib\\index.js"} {"metadata":{"emulator":{"name":"functions"},"message":"[runtime-status] [15200] Resolved module firebase-functions {\"declared\":true,\"installed\":true,\"version\":\"3.15.4\",\"resolution\":\"C:\\\\Users\\\\AC\\\\Desktop\\\\ReactProjects\\\\react-native\\\\RestaurantApp\\\\functions\\\\node_modules\\\\firebase-functions\\\\lib\\\\index.js\"}"}}
[debug] [2021-08-25T17:17:56.299Z] [runtime-status] [15200] Resolved module firebase-admin {"declared":true,"installed":true,"version":"9.11.1","resolution":"C:\\Users\\AC\\Desktop\\ReactProjects\\react-native\\RestaurantApp\\functions\\node_modules\\firebase-admin\\lib\\index.js"} {"metadata":{"emulator":{"name":"functions"},"message":"[runtime-status] [15200] Resolved module firebase-admin {\"declared\":true,\"installed\":true,\"version\":\"9.11.1\",\"resolution\":\"C:\\\\Users\\\\AC\\\\Desktop\\\\ReactProjects\\\\react-native\\\\RestaurantApp\\\\functions\\\\node_modules\\\\firebase-admin\\\\lib\\\\index.js\"}"}}
[debug] [2021-08-25T17:17:56.301Z] [runtime-status] [15200] Resolved module firebase-functions {"declared":true,"installed":true,"version":"3.15.4","resolution":"C:\\Users\\AC\\Desktop\\ReactProjects\\react-native\\RestaurantApp\\functions\\node_modules\\firebase-functions\\lib\\index.js"} {"metadata":{"emulator":{"name":"functions"},"message":"[runtime-status] [15200] Resolved module firebase-functions {\"declared\":true,\"installed\":true,\"version\":\"3.15.4\",\"resolution\":\"C:\\\\Users\\\\AC\\\\Desktop\\\\ReactProjects\\\\react-native\\\\RestaurantApp\\\\functions\\\\node_modules\\\\firebase-functions\\\\lib\\\\index.js\"}"}}
[debug] [2021-08-25T17:17:56.301Z] [runtime-status] [15200] firebase-admin has been stubbed. {"adminResolution":{"declared":true,"installed":true,"version":"9.11.1","resolution":"C:\\Users\\AC\\Desktop\\ReactProjects\\react-native\\RestaurantApp\\functions\\node_modules\\firebase-admin\\lib\\index.js"}} {"metadata":{"emulator":{"name":"functions"},"message":"[runtime-status] [15200] firebase-admin has been stubbed. {\"adminResolution\":{\"declared\":true,\"installed\":true,\"version\":\"9.11.1\",\"resolution\":\"C:\\\\Users\\\\AC\\\\Desktop\\\\ReactProjects\\\\react-native\\\\RestaurantApp\\\\functions\\\\node_modules\\\\firebase-admin\\\\lib\\\\index.js\"}}"}}
[debug] [2021-08-25T17:17:56.459Z] [worker-~diagnostic~-89e782c4-7ac4-45ed-9263-04de6b1f0313]: IDLE {"metadata":{"emulator":{"name":"functions"},"message":"[worker-~diagnostic~-89e782c4-7ac4-45ed-9263-04de6b1f0313]: IDLE"}}
